[2017-03-20 06:16:19] local.ERROR: Symfony\Component\Debug\Exception\FatalThrowableError: Parse error: syntax error, unexpected 'return' (T_RETURN) in C:\xampp1\htdocs\laravel\trunk\routes\web.php:26
Stack trace:
#0 C:\xampp1\htdocs\laravel\trunk\vendor\laravel\framework\src\Illuminate\Routing\Router.php(270): Illuminate\Routing\Router->loadRoutes('C:\\xampp1\\htdoc...')
#1 C:\xampp1\htdocs\laravel\trunk\vendor\laravel\framework\src\Illuminate\Routing\RouteRegistrar.php(104): Illuminate\Routing\Router->group(Array, 'C:\\xampp1\\htdoc...')
#2 C:\xampp1\htdocs\laravel\trunk\app\Providers\RouteServiceProvider.php(56): Illuminate\Routing\RouteRegistrar->group('C:\\xampp1\\htdoc...')
#3 C:\xampp1\htdocs\laravel\trunk\app\Providers\RouteServiceProvider.php(40): App\Providers\RouteServiceProvider->mapWebRoutes()
#4 [internal function]: App\Providers\RouteServiceProvider->map()
#5 C:\xampp1\htdocs\laravel\trunk\vendor\laravel\framework\src\Illuminate\Container\BoundMethod.php(29): call_user_func_array(Array, Array)
#6 C:\xampp1\htdocs\laravel\trunk\vendor\laravel\framework\src\Illuminate\Container\BoundMethod.php(87): Illuminate\Container\BoundMethod::Illuminate\Container\{closure}()
#7 C:\xampp1\htdocs\laravel\trunk\vendor\laravel\framework\src\Illuminate\Container\BoundMethod.php(31): Illuminate\Container\BoundMethod::callBoundMethod(Object(Illuminate\Foundation\Application), Array, Object(Closure))
#8 C:\xampp1\htdocs\laravel\trunk\vendor\laravel\framework\src\Illuminate\Container\Container.php(524): Illuminate\Container\BoundMethod::call(Object(Illuminate\Foundation\Application), Array, Array, NULL)
#9 C:\xampp1\htdocs\laravel\trunk\vendor\laravel\framework\src\Illuminate\Foundation\Support\Providers\RouteServiceProvider.php(70): Illuminate\Container\Container->call(Array)
#10 C:\xampp1\htdocs\laravel\trunk\vendor\laravel\framework\src\Illuminate\Foundation\Support\Providers\RouteServiceProvider.php(30): Illuminate\Foundation\Support\Providers\RouteServiceProvider->loadRoutes()
#11 C:\xampp1\htdocs\laravel\trunk\app\Providers\RouteServiceProvider.php(28): Illuminate\Foundation\Support\Providers\RouteServiceProvider->boot()
#12 [internal function]: App\Providers\RouteServiceProvider->boot()
#13 C:\xampp1\htdocs\laravel\trunk\vendor\laravel\framework\src\Illuminate\Container\BoundMethod.php(29): call_user_func_array(Array, Array)
#14 C:\xampp1\htdocs\laravel\trunk\vendor\laravel\framework\src\Illuminate\Container\BoundMethod.php(87): Illuminate\Container\BoundMethod::Illuminate\Container\{closure}()
#15 C:\xampp1\htdocs\laravel\trunk\vendor\laravel\framework\src\Illuminate\Container\BoundMethod.php(31): Illuminate\Container\BoundMethod::callBoundMethod(Object(Illuminate\Foundation\Application), Array, Object(Closure))
#16 C:\xampp1\htdocs\laravel\trunk\vendor\laravel\framework\src\Illuminate\Container\Container.php(524): Illuminate\Container\BoundMethod::call(Object(Illuminate\Foundation\Application), Array, Array, NULL)
#17 C:\xampp1\htdocs\laravel\trunk\vendor\laravel\framework\src\Illuminate\Foundation\Application.php(762): Illuminate\Container\Container->call(Array)
#18 C:\xampp1\htdocs\laravel\trunk\vendor\laravel\framework\src\Illuminate\Foundation\Application.php(745): Illuminate\Foundation\Application->bootProvider(Object(App\Providers\RouteServiceProvider))
#19 [internal function]: Illuminate\Foundation\Application->Illuminate\Foundation\{closure}(Object(App\Providers\RouteServiceProvider), 17)
#20 C:\xampp1\htdocs\laravel\trunk\vendor\laravel\framework\src\Illuminate\Foundation\Application.php(746): array_walk(Array, Object(Closure))
#21 C:\xampp1\htdocs\laravel\trunk\vendor\laravel\framework\src\Illuminate\Foundation\Bootstrap\BootProviders.php(17): Illuminate\Foundation\Application->boot()
#22 C:\xampp1\htdocs\laravel\trunk\vendor\laravel\framework\src\Illuminate\Foundation\Application.php(208): Illuminate\Foundation\Bootstrap\BootProviders->bootstrap(Object(Illuminate\Foundation\Application))
#23 C:\xampp1\htdocs\laravel\trunk\vendor\laravel\framework\src\Illuminate\Foundation\Http\Kernel.php(160): Illuminate\Foundation\Application->bootstrapWith(Array)
#24 C:\xampp1\htdocs\laravel\trunk\vendor\laravel\framework\src\Illuminate\Foundation\Http\Kernel.php(144): Illuminate\Foundation\Http\Kernel->bootstrap()
#25 C:\xampp1\htdocs\laravel\trunk\vendor\laravel\framework\src\Illuminate\Foundation\Http\Kernel.php(116): Illuminate\Foundation\Http\Kernel->sendRequestThroughRouter(Object(Illuminate\Http\Request))
#26 C:\xampp1\htdocs\laravel\trunk\public\index.php(53): Illuminate\Foundation\Http\Kernel->handle(Object(Illuminate\Http\Request))
#27 C:\xampp1\htdocs\laravel\trunk\server.php(21): require_once('C:\\xampp1\\htdoc...')
#28 {main}  
[2017-03-20 06:16:41] local.ERROR: Symfony\Component\Debug\Exception\FatalThrowableError: Parse error: syntax error, unexpected 'return' (T_RETURN) in C:\xampp1\htdocs\laravel\trunk\routes\web.php:26
Stack trace:
#0 C:\xampp1\htdocs\laravel\trunk\vendor\laravel\framework\src\Illuminate\Routing\Router.php(270): Illuminate\Routing\Router->loadRoutes('C:\\xampp1\\htdoc...')
#1 C:\xampp1\htdocs\laravel\trunk\vendor\laravel\framework\src\Illuminate\Routing\RouteRegistrar.php(104): Illuminate\Routing\Router->group(Array, 'C:\\xampp1\\htdoc...')
#2 C:\xampp1\htdocs\laravel\trunk\app\Providers\RouteServiceProvider.php(56): Illuminate\Routing\RouteRegistrar->group('C:\\xampp1\\htdoc...')
#3 C:\xampp1\htdocs\laravel\trunk\app\Providers\RouteServiceProvider.php(40): App\Providers\RouteServiceProvider->mapWebRoutes()
#4 [internal function]: App\Providers\RouteServiceProvider->map()
#5 C:\xampp1\htdocs\laravel\trunk\vendor\laravel\framework\src\Illuminate\Container\BoundMethod.php(29): call_user_func_array(Array, Array)
#6 C:\xampp1\htdocs\laravel\trunk\vendor\laravel\framework\src\Illuminate\Container\BoundMethod.php(87): Illuminate\Container\BoundMethod::Illuminate\Container\{closure}()
#7 C:\xampp1\htdocs\laravel\trunk\vendor\laravel\framework\src\Illuminate\Container\BoundMethod.php(31): Illuminate\Container\BoundMethod::callBoundMethod(Object(Illuminate\Foundation\Application), Array, Object(Closure))
#8 C:\xampp1\htdocs\laravel\trunk\vendor\laravel\framework\src\Illuminate\Container\Container.php(524): Illuminate\Container\BoundMethod::call(Object(Illuminate\Foundation\Application), Array, Array, NULL)
#9 C:\xampp1\htdocs\laravel\trunk\vendor\laravel\framework\src\Illuminate\Foundation\Support\Providers\RouteServiceProvider.php(70): Illuminate\Container\Container->call(Array)
#10 C:\xampp1\htdocs\laravel\trunk\vendor\laravel\framework\src\Illuminate\Foundation\Support\Providers\RouteServiceProvider.php(30): Illuminate\Foundation\Support\Providers\RouteServiceProvider->loadRoutes()
#11 C:\xampp1\htdocs\laravel\trunk\app\Providers\RouteServiceProvider.php(28): Illuminate\Foundation\Support\Providers\RouteServiceProvider->boot()
#12 [internal function]: App\Providers\RouteServiceProvider->boot()
#13 C:\xampp1\htdocs\laravel\trunk\vendor\laravel\framework\src\Illuminate\Container\BoundMethod.php(29): call_user_func_array(Array, Array)
#14 C:\xampp1\htdocs\laravel\trunk\vendor\laravel\framework\src\Illuminate\Container\BoundMethod.php(87): Illuminate\Container\BoundMethod::Illuminate\Container\{closure}()
#15 C:\xampp1\htdocs\laravel\trunk\vendor\laravel\framework\src\Illuminate\Container\BoundMethod.php(31): Illuminate\Container\BoundMethod::callBoundMethod(Object(Illuminate\Foundation\Application), Array, Object(Closure))
#16 C:\xampp1\htdocs\laravel\trunk\vendor\laravel\framework\src\Illuminate\Container\Container.php(524): Illuminate\Container\BoundMethod::call(Object(Illuminate\Foundation\Application), Array, Array, NULL)
#17 C:\xampp1\htdocs\laravel\trunk\vendor\laravel\framework\src\Illuminate\Foundation\Application.php(762): Illuminate\Container\Container->call(Array)
#18 C:\xampp1\htdocs\laravel\trunk\vendor\laravel\framework\src\Illuminate\Foundation\Application.php(745): Illuminate\Foundation\Application->bootProvider(Object(App\Providers\RouteServiceProvider))
#19 [internal function]: Illuminate\Foundation\Application->Illuminate\Foundation\{closure}(Object(App\Providers\RouteServiceProvider), 17)
#20 C:\xampp1\htdocs\laravel\trunk\vendor\laravel\framework\src\Illuminate\Foundation\Application.php(746): array_walk(Array, Object(Closure))
#21 C:\xampp1\htdocs\laravel\trunk\vendor\laravel\framework\src\Illuminate\Foundation\Bootstrap\BootProviders.php(17): Illuminate\Foundation\Application->boot()
#22 C:\xampp1\htdocs\laravel\trunk\vendor\laravel\framework\src\Illuminate\Foundation\Application.php(208): Illuminate\Foundation\Bootstrap\BootProviders->bootstrap(Object(Illuminate\Foundation\Application))
#23 C:\xampp1\htdocs\laravel\trunk\vendor\laravel\framework\src\Illuminate\Foundation\Http\Kernel.php(160): Illuminate\Foundation\Application->bootstrapWith(Array)
#24 C:\xampp1\htdocs\laravel\trunk\vendor\laravel\framework\src\Illuminate\Foundation\Http\Kernel.php(144): Illuminate\Foundation\Http\Kernel->bootstrap()
#25 C:\xampp1\htdocs\laravel\trunk\vendor\laravel\framework\src\Illuminate\Foundation\Http\Kernel.php(116): Illuminate\Foundation\Http\Kernel->sendRequestThroughRouter(Object(Illuminate\Http\Request))
#26 C:\xampp1\htdocs\laravel\trunk\public\index.php(53): Illuminate\Foundation\Http\Kernel->handle(Object(Illuminate\Http\Request))
#27 C:\xampp1\htdocs\laravel\trunk\server.php(21): require_once('C:\\xampp1\\htdoc...')
#28 {main}  
[2017-03-20 06:25:24] local.ERROR: ReflectionException: Class App\Http\Controllers\UserController does not exist in C:\xampp1\htdocs\laravel\trunk\vendor\laravel\framework\src\Illuminate\Container\Container.php:681
Stack trace:
#0 C:\xampp1\htdocs\laravel\trunk\vendor\laravel\framework\src\Illuminate\Container\Container.php(681): ReflectionClass->__construct('App\\Http\\Contro...')
#1 C:\xampp1\htdocs\laravel\trunk\vendor\laravel\framework\src\Illuminate\Container\Container.php(565): Illuminate\Container\Container->build('App\\Http\\Contro...')
#2 C:\xampp1\htdocs\laravel\trunk\vendor\laravel\framework\src\Illuminate\Foundation\Application.php(702): Illuminate\Container\Container->make('App\\Http\\Contro...')
#3 C:\xampp1\htdocs\laravel\trunk\vendor\laravel\framework\src\Illuminate\Routing\Route.php(217): Illuminate\Foundation\Application->make('App\\Http\\Contro...')
#4 C:\xampp1\htdocs\laravel\trunk\vendor\laravel\framework\src\Illuminate\Routing\Route.php(736): Illuminate\Routing\Route->getController()
#5 C:\xampp1\htdocs\laravel\trunk\vendor\laravel\framework\src\Illuminate\Routing\Route.php(697): Illuminate\Routing\Route->controllerMiddleware()
#6 C:\xampp1\htdocs\laravel\trunk\vendor\laravel\framework\src\Illuminate\Routing\Router.php(572): Illuminate\Routing\Route->gatherMiddleware()
#7 C:\xampp1\htdocs\laravel\trunk\vendor\laravel\framework\src\Illuminate\Routing\Router.php(552): Illuminate\Routing\Router->gatherRouteMiddleware(Object(Illuminate\Routing\Route))
#8 C:\xampp1\htdocs\laravel\trunk\vendor\laravel\framework\src\Illuminate\Routing\Router.php(520): Illuminate\Routing\Router->runRouteWithinStack(Object(Illuminate\Routing\Route), Object(Illuminate\Http\Request))
#9 C:\xampp1\htdocs\laravel\trunk\vendor\laravel\framework\src\Illuminate\Routing\Router.php(498): Illuminate\Routing\Router->dispatchToRoute(Object(Illuminate\Http\Request))
#10 C:\xampp1\htdocs\laravel\trunk\vendor\laravel\framework\src\Illuminate\Foundation\Http\Kernel.php(174): Illuminate\Routing\Router->dispatch(Object(Illuminate\Http\Request))
#11 C:\xampp1\htdocs\laravel\trunk\vendor\laravel\framework\src\Illuminate\Routing\Pipeline.php(30): Illuminate\Foundation\Http\Kernel->Illuminate\Foundation\Http\{closure}(Object(Illuminate\Http\Request))
#12 C:\xampp1\htdocs\laravel\trunk\vendor\laravel\framework\src\Illuminate\Foundation\Http\Middleware\TransformsRequest.php(30): Illuminate\Routing\Pipeline->Illuminate\Routing\{closure}(Object(Illuminate\Http\Request))
#13 C:\xampp1\htdocs\laravel\trunk\vendor\laravel\framework\src\Illuminate\Pipeline\Pipeline.php(148): Illuminate\Foundation\Http\Middleware\TransformsRequest->handle(Object(Illuminate\Http\Request), Object(Closure))
#14 C:\xampp1\htdocs\laravel\trunk\vendor\laravel\framework\src\Illuminate\Routing\Pipeline.php(53): Illuminate\Pipeline\Pipeline->Illuminate\Pipeline\{closure}(Object(Illuminate\Http\Request))
#15 C:\xampp1\htdocs\laravel\trunk\vendor\laravel\framework\src\Illuminate\Foundation\Http\Middleware\TransformsRequest.php(30): Illuminate\Routing\Pipeline->Illuminate\Routing\{closure}(Object(Illuminate\Http\Request))
#16 C:\xampp1\htdocs\laravel\trunk\vendor\laravel\framework\src\Illuminate\Pipeline\Pipeline.php(148): Illuminate\Foundation\Http\Middleware\TransformsRequest->handle(Object(Illuminate\Http\Request), Object(Closure))
#17 C:\xampp1\htdocs\laravel\trunk\vendor\laravel\framework\src\Illuminate\Routing\Pipeline.php(53): Illuminate\Pipeline\Pipeline->Illuminate\Pipeline\{closure}(Object(Illuminate\Http\Request))
#18 C:\xampp1\htdocs\laravel\trunk\vendor\laravel\framework\src\Illuminate\Foundation\Http\Middleware\ValidatePostSize.php(27): Illuminate\Routing\Pipeline->Illuminate\Routing\{closure}(Object(Illuminate\Http\Request))
#19 C:\xampp1\htdocs\laravel\trunk\vendor\laravel\framework\src\Illuminate\Pipeline\Pipeline.php(148): Illuminate\Foundation\Http\Middleware\ValidatePostSize->handle(Object(Illuminate\Http\Request), Object(Closure))
#20 C:\xampp1\htdocs\laravel\trunk\vendor\laravel\framework\src\Illuminate\Routing\Pipeline.php(53): Illuminate\Pipeline\Pipeline->Illuminate\Pipeline\{closure}(Object(Illuminate\Http\Request))
#21 C:\xampp1\htdocs\laravel\trunk\vendor\laravel\framework\src\Illuminate\Foundation\Http\Middleware\CheckForMaintenanceMode.php(46): Illuminate\Routing\Pipeline->Illuminate\Routing\{closure}(Object(Illuminate\Http\Request))
#22 C:\xampp1\htdocs\laravel\trunk\vendor\laravel\framework\src\Illuminate\Pipeline\Pipeline.php(148): Illuminate\Foundation\Http\Middleware\CheckForMaintenanceMode->handle(Object(Illuminate\Http\Request), Object(Closure))
#23 C:\xampp1\htdocs\laravel\trunk\vendor\laravel\framework\src\Illuminate\Routing\Pipeline.php(53): Illuminate\Pipeline\Pipeline->Illuminate\Pipeline\{closure}(Object(Illuminate\Http\Request))
#24 C:\xampp1\htdocs\laravel\trunk\vendor\laravel\framework\src\Illuminate\Pipeline\Pipeline.php(102): Illuminate\Routing\Pipeline->Illuminate\Routing\{closure}(Object(Illuminate\Http\Request))
#25 C:\xampp1\htdocs\laravel\trunk\vendor\laravel\framework\src\Illuminate\Foundation\Http\Kernel.php(149): Illuminate\Pipeline\Pipeline->then(Object(Closure))
#26 C:\xampp1\htdocs\laravel\trunk\vendor\laravel\framework\src\Illuminate\Foundation\Http\Kernel.php(116): Illuminate\Foundation\Http\Kernel->sendRequestThroughRouter(Object(Illuminate\Http\Request))
#27 C:\xampp1\htdocs\laravel\trunk\public\index.php(53): Illuminate\Foundation\Http\Kernel->handle(Object(Illuminate\Http\Request))
#28 C:\xampp1\htdocs\laravel\trunk\server.php(21): require_once('C:\\xampp1\\htdoc...')
#29 {main}  
